#
# A fatal error has been detected by the Java Runtime Environment:
#
#  SIGSEGV (0xb) at pc=0x00007fff3ed554f3, pid=1865, tid=0x000000000002a60f
#
# JRE version: Java(TM) SE Runtime Environment (8.0_271-b09) (build 1.8.0_271-b09)
# Java VM: Java HotSpot(TM) 64-Bit Server VM (25.271-b09 mixed mode bsd-amd64 compressed oops)
# Problematic frame:
# C  [CoreVideo+0x164f3]  _ZN8CVHWTime5resetEv+0xd
#
# Failed to write core dump. Core dumps have been disabled. To enable core dumping, try "ulimit -c unlimited" before starting Java again
#
# If you would like to submit a bug report, please visit:
#   http://bugreport.java.com/bugreport/crash.jsp
#

---------------  T H R E A D  ---------------

Current thread is native thread

siginfo: si_signo: 11 (SIGSEGV), si_code: 1 (SEGV_MAPERR), si_addr: 0x000007fb5744d1c1

Registers:
RAX=0x0000000000000000, RBX=0x00007fb574426290, RCX=0x000007fb5744cff9, RDX=0x000000000000002c
RSP=0x00007000106ebd60, RBP=0x00007000106ebd60, RSI=0x0000000000000000, RDI=0x00007fb574426298
R8 =0x000000000002a70b, R9 =0x0000000000000000, R10=0x000000000000002c, R11=0x0000000000000206
R12=0x0000000000000000, R13=0x0000000000000000, R14=0x000000000002a60f, R15=0x0000000000000000
RIP=0x00007fff3ed554f3, EFLAGS=0x0000000000010246, ERR=0x0000000000000004
  TRAPNO=0x000000000000000e

Top of Stack: (sp=0x00007000106ebd60)
0x00007000106ebd60:   00007000106ebd80 00007fff3ed55ea8
0x00007000106ebd70:   0000000000000016 00007fb5756c6220
0x00007000106ebd80:   00007000106ebf10 00007fff3ed55c1e
0x00007000106ebd90:   0000000000000000 0000000000000017
0x00007000106ebda0:   0000000000000000 0000000000000000
0x00007000106ebdb0:   0000000000000000 0000000000000000
0x00007000106ebdc0:   0000000000000000 0000000000000000
0x00007000106ebdd0:   0000000000000000 0000000000000000
0x00007000106ebde0:   0000000000000000 00007fb5756c6238
0x00007000106ebdf0:   0000000000000000 0000000201404010
0x00007000106ebe00:   0000074900000000 000001f600000748
0x00007000106ebe10:   000001f600000014 000001f600000014
0x00007000106ebe20:   0000000000000014 746163006176616a
0x00007000106ebe30:   00757453206e6f69 746163006176616a
0x00007000106ebe40:   62757453206e6f69 0000000000000000
0x00007000106ebe50:   0000000000000000 0000074700000190
0x00007000106ebe60:   ffffffff00000001 0000000000000000
0x00007000106ebe70:   000000005fe5b8ad 0000000000068504
0x00007000106ebe80:   00000001c08b9000 000000001a9a5000
0x00007000106ebe90:   00000005d6567693 00000000c485fa0a
0x00007000106ebea0:   000000057dc5a422 0000000098901569
0x00007000106ebeb0:   0003fbf500000001 0000030400000003
0x00007000106ebec0:   00008e53000143cc 0003a0660001bcb4
0x00007000106ebed0:   000000710001f933 0000001f00000003
0x00007000106ebee0:   7a55c073561400ff 00007000106ec000
0x00007000106ebef0:   0000000000000000 0000000000000000
0x00007000106ebf00:   0000000000000000 0000000000000000
0x00007000106ebf10:   00007000106ebf30 00007fff691b32eb
0x00007000106ebf20:   0000000000000000 00007000106ec000
0x00007000106ebf30:   00007000106ebf50 00007fff691b6249
0x00007000106ebf40:   0000000000000000 0000000000000000
0x00007000106ebf50:   00007000106ebf78 00007fff691b240d 

Instructions: (pc=0x00007fff3ed554f3)
0x00007fff3ed554d3:   20 48 89 47 18 48 89 47 10 c7 47 38 00 00 00 00
0x00007fff3ed554e3:   5d c3 90 55 48 89 e5 31 c0 48 89 47 28 48 8b 0f
0x00007fff3ed554f3:   48 8b 89 c8 01 00 00 48 89 4f 08 48 89 47 30 c7
0x00007fff3ed55503:   47 38 00 00 00 00 48 89 47 20 48 89 47 18 48 89 

Register to memory mapping:

RAX=0x0000000000000000 is an unknown value
RBX=0x00007fb574426290 is an unknown value
RCX=0x000007fb5744cff9 is an unknown value
RDX=0x000000000000002c is an unknown value
RSP=0x00007000106ebd60 is an unknown value
RBP=0x00007000106ebd60 is an unknown value
RSI=0x0000000000000000 is an unknown value
RDI=0x00007fb574426298 is an unknown value
R8 =0x000000000002a70b is an unknown value
R9 =0x0000000000000000 is an unknown value
R10=0x000000000000002c is an unknown value
R11=0x0000000000000206 is an unknown value
R12=0x0000000000000000 is an unknown value
R13=0x0000000000000000 is an unknown value
R14=0x000000000002a60f is an unknown value
R15=0x0000000000000000 is an unknown value


Stack: [0x000070001066c000,0x00007000106ec000],  sp=0x00007000106ebd60,  free space=511k
Native frames: (J=compiled Java code, j=interpreted, Vv=VM code, C=native code)
C  [CoreVideo+0x164f3]  _ZN8CVHWTime5resetEv+0xd
C  [CoreVideo+0x16ea8]  _ZN7CVXTime5resetEv+0x12
C  [CoreVideo+0x16c1e]  _ZN13CVDisplayLink11runIOThreadEv+0xba
C  [libsystem_pthread.dylib+0x32eb]  _pthread_body+0x7e
C  [libsystem_pthread.dylib+0x6249]  _pthread_start+0x42
C  [libsystem_pthread.dylib+0x240d]  thread_start+0xd


---------------  P R O C E S S  ---------------

VM state:not at safepoint (normal execution)

VM Mutex/Monitor currently owned by a thread: None

heap address: 0x0000000780000000, size: 1024 MB, Compressed Oops mode: Zero based, Oop shift amount: 3
Narrow klass base: 0x0000000000000000, Narrow klass shift: 3
Compressed class space size: 1073741824 Address: 0x00000007c0000000

Heap:
 PSYoungGen      total 340992K, used 32109K [0x00000007aab00000, 0x00000007bfd80000, 0x00000007c0000000)
  eden space 335360K, 9% used [0x00000007aab00000,0x00000007aca5b780,0x00000007bf280000)
  from space 5632K, 0% used [0x00000007bf800000,0x00000007bf800000,0x00000007bfd80000)
  to   space 5632K, 0% used [0x00000007bf280000,0x00000007bf280000,0x00000007bf800000)
 ParOldGen       total 79360K, used 23526K [0x0000000780000000, 0x0000000784d80000, 0x00000007aab00000)
  object space 79360K, 29% used [0x0000000780000000,0x00000007816f9b60,0x0000000784d80000)
 Metaspace       used 46192K, capacity 48556K, committed 48728K, reserved 1091584K
  class space    used 6225K, capacity 6668K, committed 6784K, reserved 1048576K

Card table byte_map: [0x0000000103fce000,0x00000001041cf000] byte_map_base: 0x00000001003ce000

Marking Bits: (ParMarkBitMap*) 0x0000000103529768
 Begin Bits: [0x0000000104325000, 0x0000000105325000)
 End Bits:   [0x0000000105325000, 0x0000000106325000)

Polling page: 0x0000000102466000

CodeCache: size=245760Kb used=17498Kb max_used=17498Kb free=228261Kb
 bounds [0x0000000111a79000, 0x0000000112ba9000, 0x0000000120a79000]
 total_blobs=6259 nmethods=5430 adapters=741
 compilation: enabled

Compilation events (10 events):
Event: 41.984 Thread 0x00007fb571008800 6258       1       java.text.NumberFormat::getMaximumIntegerDigits (5 bytes)
Event: 41.985 Thread 0x00007fb571008800 nmethod 6258 0x0000000112b9d150 code [0x0000000112b9d2a0, 0x0000000112b9d3b0]
Event: 41.985 Thread 0x00007fb571008800 6259       1       java.text.NumberFormat::getMinimumIntegerDigits (5 bytes)
Event: 41.985 Thread 0x00007fb571008800 nmethod 6259 0x0000000112b9fb50 code [0x0000000112b9fca0, 0x0000000112b9fdb0]
Event: 41.985 Thread 0x00007fb571008800 6260       1       java.text.NumberFormat::getMaximumFractionDigits (5 bytes)
Event: 41.985 Thread 0x00007fb571008800 nmethod 6260 0x0000000112b9fe10 code [0x0000000112b9ff60, 0x0000000112ba0070]
Event: 41.985 Thread 0x00007fb571008800 6261       1       java.text.NumberFormat::getMinimumFractionDigits (5 bytes)
Event: 41.985 Thread 0x00007fb571008800 nmethod 6261 0x0000000112ba00d0 code [0x0000000112ba0220, 0x0000000112ba0330]
Event: 41.991 Thread 0x00007fb571830800 nmethod 6247 0x0000000112ba34d0 code [0x0000000112ba3680, 0x0000000112ba3ba8]
Event: 42.083 Thread 0x00007fb571008800 6264       3       java.util.Formatter::parse (151 bytes)

GC Heap History (10 events):
Event: 41.814 GC heap before
{Heap before GC invocations=43 (full 9):
 PSYoungGen      total 338944K, used 332382K [0x00000007aab00000, 0x00000007bff00000, 0x00000007c0000000)
  eden space 331776K, 100% used [0x00000007aab00000,0x00000007bef00000,0x00000007bef00000)
  from space 7168K, 8% used [0x00000007bef00000,0x00000007bef97a80,0x00000007bf600000)
  to   space 6656K, 0% used [0x00000007bf880000,0x00000007bf880000,0x00000007bff00000)
 ParOldGen       total 79360K, used 23909K [0x0000000780000000, 0x0000000784d80000, 0x00000007aab00000)
  object space 79360K, 30% used [0x0000000780000000,0x0000000781759688,0x0000000784d80000)
 Metaspace       used 46185K, capacity 48556K, committed 48728K, reserved 1091584K
  class space    used 6225K, capacity 6668K, committed 6784K, reserved 1048576K
Event: 41.817 GC heap after
Heap after GC invocations=43 (full 9):
 PSYoungGen      total 341504K, used 542K [0x00000007aab00000, 0x00000007bfe80000, 0x00000007c0000000)
  eden space 335360K, 0% used [0x00000007aab00000,0x00000007aab00000,0x00000007bf280000)
  from space 6144K, 8% used [0x00000007bf880000,0x00000007bf907a80,0x00000007bfe80000)
  to   space 6144K, 0% used [0x00000007bf280000,0x00000007bf280000,0x00000007bf880000)
 ParOldGen       total 79360K, used 23917K [0x0000000780000000, 0x0000000784d80000, 0x00000007aab00000)
  object space 79360K, 30% used [0x0000000780000000,0x000000078175b688,0x0000000784d80000)
 Metaspace       used 46185K, capacity 48556K, committed 48728K, reserved 1091584K
  class space    used 6225K, capacity 6668K, committed 6784K, reserved 1048576K
}
Event: 41.859 GC heap before
{Heap before GC invocations=44 (full 9):
 PSYoungGen      total 341504K, used 159977K [0x00000007aab00000, 0x00000007bfe80000, 0x00000007c0000000)
  eden space 335360K, 47% used [0x00000007aab00000,0x00000007b46b2ab8,0x00000007bf280000)
  from space 6144K, 8% used [0x00000007bf880000,0x00000007bf907a80,0x00000007bfe80000)
  to   space 6144K, 0% used [0x00000007bf280000,0x00000007bf280000,0x00000007bf880000)
 ParOldGen       total 79360K, used 23917K [0x0000000780000000, 0x0000000784d80000, 0x00000007aab00000)
  object space 79360K, 30% used [0x0000000780000000,0x000000078175b688,0x0000000784d80000)
 Metaspace       used 46188K, capacity 48556K, committed 48728K, reserved 1091584K
  class space    used 6225K, capacity 6668K, committed 6784K, reserved 1048576K
Event: 41.862 GC heap after
Heap after GC invocations=44 (full 9):
 PSYoungGen      total 336384K, used 574K [0x00000007aab00000, 0x00000007bfd80000, 0x00000007c0000000)
  eden space 335360K, 0% used [0x00000007aab00000,0x00000007aab00000,0x00000007bf280000)
  from space 1024K, 56% used [0x00000007bf280000,0x00000007bf30fa80,0x00000007bf380000)
  to   space 5632K, 0% used [0x00000007bf800000,0x00000007bf800000,0x00000007bfd80000)
 ParOldGen       total 79360K, used 23917K [0x0000000780000000, 0x0000000784d80000, 0x00000007aab00000)
  object space 79360K, 30% used [0x0000000780000000,0x000000078175b688,0x0000000784d80000)
 Metaspace       used 46188K, capacity 48556K, committed 48728K, reserved 1091584K
  class space    used 6225K, capacity 6668K, committed 6784K, reserved 1048576K
}
Event: 41.862 GC heap before
{Heap before GC invocations=45 (full 10):
 PSYoungGen      total 336384K, used 574K [0x00000007aab00000, 0x00000007bfd80000, 0x00000007c0000000)
  eden space 335360K, 0% used [0x00000007aab00000,0x00000007aab00000,0x00000007bf280000)
  from space 1024K, 56% used [0x00000007bf280000,0x00000007bf30fa80,0x00000007bf380000)
  to   space 5632K, 0% used [0x00000007bf800000,0x00000007bf800000,0x00000007bfd80000)
 ParOldGen       total 79360K, used 23917K [0x0000000780000000, 0x0000000784d80000, 0x00000007aab00000)
  object space 79360K, 30% used [0x0000000780000000,0x000000078175b688,0x0000000784d80000)
 Metaspace       used 46188K, capacity 48556K, committed 48728K, reserved 1091584K
  class space    used 6225K, capacity 6668K, committed 6784K, reserved 1048576K
Event: 41.977 GC heap after
Heap after GC invocations=45 (full 10):
 PSYoungGen      total 336384K, used 0K [0x00000007aab00000, 0x00000007bfd80000, 0x00000007c0000000)
  eden space 335360K, 0% used [0x00000007aab00000,0x00000007aab00000,0x00000007bf280000)
  from space 1024K, 0% used [0x00000007bf280000,0x00000007bf280000,0x00000007bf380000)
  to   space 5632K, 0% used [0x00000007bf800000,0x00000007bf800000,0x00000007bfd80000)
 ParOldGen       total 79360K, used 23844K [0x0000000780000000, 0x0000000784d80000, 0x00000007aab00000)
  object space 79360K, 30% used [0x0000000780000000,0x0000000781749318,0x0000000784d80000)
 Metaspace       used 46188K, capacity 48556K, committed 48728K, reserved 1091584K
  class space    used 6225K, capacity 6668K, committed 6784K, reserved 1048576K
}
Event: 42.015 GC heap before
{Heap before GC invocations=46 (full 10):
 PSYoungGen      total 336384K, used 65464K [0x00000007aab00000, 0x00000007bfd80000, 0x00000007c0000000)
  eden space 335360K, 19% used [0x00000007aab00000,0x00000007aeaee048,0x00000007bf280000)
  from space 1024K, 0% used [0x00000007bf280000,0x00000007bf280000,0x00000007bf380000)
  to   space 5632K, 0% used [0x00000007bf800000,0x00000007bf800000,0x00000007bfd80000)
 ParOldGen       total 79360K, used 23844K [0x0000000780000000, 0x0000000784d80000, 0x00000007aab00000)
  object space 79360K, 30% used [0x0000000780000000,0x0000000781749318,0x0000000784d80000)
 Metaspace       used 46191K, capacity 48556K, committed 48728K, reserved 1091584K
  class space    used 6225K, capacity 6668K, committed 6784K, reserved 1048576K
Event: 42.017 GC heap after
Heap after GC invocations=46 (full 10):
 PSYoungGen      total 340992K, used 128K [0x00000007aab00000, 0x00000007bfd80000, 0x00000007c0000000)
  eden space 335360K, 0% used [0x00000007aab00000,0x00000007aab00000,0x00000007bf280000)
  from space 5632K, 2% used [0x00000007bf800000,0x00000007bf820000,0x00000007bfd80000)
  to   space 5632K, 0% used [0x00000007bf280000,0x00000007bf280000,0x00000007bf800000)
 ParOldGen       total 79360K, used 23844K [0x0000000780000000, 0x0000000784d80000, 0x00000007aab00000)
  object space 79360K, 30% used [0x0000000780000000,0x0000000781749318,0x0000000784d80000)
 Metaspace       used 46191K, capacity 48556K, committed 48728K, reserved 1091584K
  class space    used 6225K, capacity 6668K, committed 6784K, reserved 1048576K
}
Event: 42.017 GC heap before
{Heap before GC invocations=47 (full 11):
 PSYoungGen      total 340992K, used 128K [0x00000007aab00000, 0x00000007bfd80000, 0x00000007c0000000)
  eden space 335360K, 0% used [0x00000007aab00000,0x00000007aab00000,0x00000007bf280000)
  from space 5632K, 2% used [0x00000007bf800000,0x00000007bf820000,0x00000007bfd80000)
  to   space 5632K, 0% used [0x00000007bf280000,0x00000007bf280000,0x00000007bf800000)
 ParOldGen       total 79360K, used 23844K [0x0000000780000000, 0x0000000784d80000, 0x00000007aab00000)
  object space 79360K, 30% used [0x0000000780000000,0x0000000781749318,0x0000000784d80000)
 Metaspace       used 46191K, capacity 48556K, committed 48728K, reserved 1091584K
  class space    used 6225K, capacity 6668K, committed 6784K, reserved 1048576K
Event: 42.082 GC heap after
Heap after GC invocations=47 (full 11):
 PSYoungGen      total 340992K, used 0K [0x00000007aab00000, 0x00000007bfd80000, 0x00000007c0000000)
  eden space 335360K, 0% used [0x00000007aab00000,0x00000007aab00000,0x00000007bf280000)
  from space 5632K, 0% used [0x00000007bf800000,0x00000007bf800000,0x00000007bfd80000)
  to   space 5632K, 0% used [0x00000007bf280000,0x00000007bf280000,0x00000007bf800000)
 ParOldGen       total 79360K, used 23526K [0x0000000780000000, 0x0000000784d80000, 0x00000007aab00000)
  object space 79360K, 29% used [0x0000000780000000,0x00000007816f9b60,0x0000000784d80000)
 Metaspace       used 46191K, capacity 48556K, committed 48728K, reserved 1091584K
  class space    used 6225K, capacity 6668K, committed 6784K, reserved 1048576K
}

Deoptimization events (10 events):
Event: 34.822 Thread 0x00007fb57215d000 Uncommon trap: reason=unstable_if action=reinterpret pc=0x00000001127d61cc method=com.sun.prism.impl.BaseGraphics.validateTransformAndPaint()V @ 20
Event: 36.411 Thread 0x00007fb572894000 Uncommon trap: reason=unstable_if action=reinterpret pc=0x000000011216bdc0 method=java.lang.ThreadLocal$ThreadLocalMap.getEntry(Ljava/lang/ThreadLocal;)Ljava/lang/ThreadLocal$ThreadLocalMap$Entry; @ 29
Event: 36.414 Thread 0x00007fb572894000 Uncommon trap: reason=unstable_if action=reinterpret pc=0x0000000112167a38 method=java.lang.ThreadLocal$ThreadLocalMap.getEntry(Ljava/lang/ThreadLocal;)Ljava/lang/ThreadLocal$ThreadLocalMap$Entry; @ 29
Event: 37.377 Thread 0x00007fb572894000 Uncommon trap: reason=unstable_if action=reinterpret pc=0x00000001127fe298 method=javafx.scene.Parent.setChildDirty(Ljavafx/scene/Node;Z)V @ 22
Event: 37.377 Thread 0x00007fb572894000 Uncommon trap: reason=unstable_if action=reinterpret pc=0x00000001127b226c method=javafx.scene.Parent.setChildDirty(Ljavafx/scene/Node;Z)V @ 22
Event: 37.378 Thread 0x00007fb572894000 Uncommon trap: reason=unstable_if action=reinterpret pc=0x0000000112791174 method=javafx.scene.Parent.setChildDirty(Ljavafx/scene/Node;Z)V @ 22
Event: 38.183 Thread 0x00007fb57158a000 Uncommon trap: reason=unstable_if action=reinterpret pc=0x000000011225b860 method=java.util.ArrayList.rangeCheck(I)V @ 5
Event: 38.184 Thread 0x00007fb572d8f800 Uncommon trap: reason=unstable_if action=reinterpret pc=0x00000001121139d8 method=java.util.ArrayList.rangeCheck(I)V @ 5
Event: 38.208 Thread 0x00007fb572d8f800 Uncommon trap: reason=unstable_if action=reinterpret pc=0x0000000111ce82f0 method=java.util.ArrayList.rangeCheck(I)V @ 5
Event: 38.212 Thread 0x00007fb57158a000 Uncommon trap: reason=unstable_if action=reinterpret pc=0x0000000111bfabf8 method=java.util.ArrayList.rangeCheck(I)V @ 5

Classes redefined (0 events):
No events

Internal exceptions (10 events):
Event: 40.945 Thread 0x00007fb572894000 Exception <a 'sun/nio/fs/UnixException'> (0x00000007af57f978) thrown at [/jenkins/workspace/8-2-build-macosx-x86_64/jdk8u271/605/hotspot/src/share/vm/prims/jni.cpp, line 710]
Event: 40.946 Thread 0x00007fb572894000 Exception <a 'sun/nio/fs/UnixException'> (0x00000007af58ae20) thrown at [/jenkins/workspace/8-2-build-macosx-x86_64/jdk8u271/605/hotspot/src/share/vm/prims/jni.cpp, line 710]
Event: 41.134 Thread 0x00007fb5768d8000 Exception <a 'java/io/FileNotFoundException'> (0x00000007af52cc20) thrown at [/jenkins/workspace/8-2-build-macosx-x86_64/jdk8u271/605/hotspot/src/share/vm/prims/jni.cpp, line 710]
Event: 41.134 Thread 0x00007fb5768d8000 Exception <a 'java/io/FileNotFoundException'> (0x00000007af52d920) thrown at [/jenkins/workspace/8-2-build-macosx-x86_64/jdk8u271/605/hotspot/src/share/vm/prims/jni.cpp, line 710]
Event: 41.134 Thread 0x00007fb5768d8000 Exception <a 'java/security/PrivilegedActionException'> (0x00000007af52def0) thrown at [/jenkins/workspace/8-2-build-macosx-x86_64/jdk8u271/605/hotspot/src/share/vm/prims/jvm.cpp, line 1512]
Event: 41.188 Thread 0x00007fb5768d8000 Exception <a 'java/io/FileNotFoundException'> (0x00000007afeb3358) thrown at [/jenkins/workspace/8-2-build-macosx-x86_64/jdk8u271/605/hotspot/src/share/vm/prims/jni.cpp, line 710]
Event: 41.188 Thread 0x00007fb5768d8000 Exception <a 'java/io/FileNotFoundException'> (0x00000007afeb4058) thrown at [/jenkins/workspace/8-2-build-macosx-x86_64/jdk8u271/605/hotspot/src/share/vm/prims/jni.cpp, line 710]
Event: 41.188 Thread 0x00007fb5768d8000 Exception <a 'java/security/PrivilegedActionException'> (0x00000007afeb4628) thrown at [/jenkins/workspace/8-2-build-macosx-x86_64/jdk8u271/605/hotspot/src/share/vm/prims/jvm.cpp, line 1512]
Event: 41.632 Thread 0x00007fb577d5d800 Exception <a 'java/lang/ClassCastException': javafx.scene.image.ImageView cannot be cast to javafx.scene.media.MediaView> (0x00000007bc7b9600) thrown at [/jenkins/workspace/8-2-build-macosx-x86_64/jdk8u271/605/hotspot/src/share/vm/interpreter/interpreterR
Event: 41.654 Thread 0x00007fb577d5d800 Exception <a 'java/lang/ClassCastException': javafx.scene.image.ImageView cannot be cast to javafx.scene.media.MediaView> (0x00000007bc7b9a98) thrown at [/jenkins/workspace/8-2-build-macosx-x86_64/jdk8u271/605/hotspot/src/share/vm/interpreter/interpreterR

Events (10 events):
Event: 42.083 Thread 0x00007fb575e6e800 Thread exited: 0x00007fb575e6e800
Event: 42.083 Thread 0x00007fb577200000 Thread added: 0x00007fb577200000
Event: 42.083 Thread 0x00007fb577200000 Thread exited: 0x00007fb577200000
Event: 42.083 Thread 0x00007fb575e6e800 Thread added: 0x00007fb575e6e800
Event: 42.083 Thread 0x00007fb575e6e800 Thread exited: 0x00007fb575e6e800
Event: 42.083 Thread 0x00007fb575e6e800 Thread added: 0x00007fb575e6e800
Event: 42.083 Thread 0x00007fb575e6e800 Thread exited: 0x00007fb575e6e800
Event: 42.083 Thread 0x00007fb575e6e800 Thread added: 0x00007fb575e6e800
Event: 42.083 Executing VM operation: RevokeBias
Event: 42.083 Thread 0x00007fb575e6e800 Thread exited: 0x00007fb575e6e800


Dynamic libraries:
0x00007fff3c738000 	/System/Library/Frameworks/Cocoa.framework/Versions/A/Cocoa
0x00007fff484fe000 	/System/Library/Frameworks/Security.framework/Versions/A/Security
0x00007fff3b3ca000 	/System/Library/Frameworks/ApplicationServices.framework/Versions/A/ApplicationServices
0x00007fff6864c000 	/usr/lib/libz.1.dylib
0x00007fff65fa3000 	/usr/lib/libSystem.B.dylib
0x00007fff3cfad000 	/System/Library/Frameworks/CoreFoundation.framework/Versions/A/CoreFoundation
0x00007fff3f232000 	/System/Library/Frameworks/Foundation.framework/Versions/C/Foundation
0x00007fff677dc000 	/usr/lib/libobjc.A.dylib
0x00007fff3a5c3000 	/System/Library/Frameworks/AppKit.framework/Versions/C/AppKit
0x00007fff3cb36000 	/System/Library/Frameworks/CoreData.framework/Versions/A/CoreData
0x00007fff5fa66000 	/System/Library/PrivateFrameworks/RemoteViewServices.framework/Versions/A/RemoteViewServices
0x00007fff63cdf000 	/System/Library/PrivateFrameworks/UIFoundation.framework/Versions/A/UIFoundation
0x00007fff653c4000 	/System/Library/PrivateFrameworks/XCTTargetBootstrap.framework/Versions/A/XCTTargetBootstrap
0x00007fff3cebc000 	/System/Library/Frameworks/CoreDisplay.framework/Versions/A/CoreDisplay
0x00007fff5a749000 	/System/Library/PrivateFrameworks/IconServices.framework/Versions/A/IconServices
0x00007fff41b67000 	/System/Library/Frameworks/Metal.framework/Versions/A/Metal
0x00007fff51c8d000 	/System/Library/PrivateFrameworks/DesktopServicesPriv.framework/Versions/A/DesktopServicesPriv
0x00007fff66b3f000 	/usr/lib/libenergytrace.dylib
0x00007fff621c5000 	/System/Library/PrivateFrameworks/SkyLight.framework/Versions/A/SkyLight
0x00007fff3d3f4000 	/System/Library/Frameworks/CoreGraphics.framework/Versions/A/CoreGraphics
0x00007fff3938f000 	/System/Library/Frameworks/Accelerate.framework/Versions/A/Accelerate
0x00007fff3f97b000 	/System/Library/Frameworks/IOSurface.framework/Versions/A/IOSurface
0x00007fff51af9000 	/System/Library/PrivateFrameworks/DFRFoundation.framework/Versions/A/DFRFoundation
0x00007fff3b8ad000 	/System/Library/Frameworks/AudioToolbox.framework/Versions/A/AudioToolbox
0x00007fff3bb26000 	/System/Library/Frameworks/AudioUnit.framework/Versions/A/AudioUnit
0x00007fff51b8e000 	/System/Library/PrivateFrameworks/DataDetectorsCore.framework/Versions/A/DataDetectorsCore
0x00007fff3c23b000 	/System/Library/Frameworks/Carbon.framework/Versions/A/Frameworks/HIToolbox.framework/Versions/A/HIToolbox
0x00007fff66c98000 	/usr/lib/libicucore.A.dylib
0x00007fff47a6f000 	/System/Library/Frameworks/QuartzCore.framework/Versions/A/QuartzCore
0x00007fff3c610000 	/System/Library/Frameworks/Carbon.framework/Versions/A/Frameworks/SpeechRecognition.framework/Versions/A/SpeechRecognition
0x00007fff660f7000 	/usr/lib/libauto.dylib
0x00007fff6853f000 	/usr/lib/libxml2.2.dylib
0x00007fff516d4000 	/System/Library/PrivateFrameworks/CoreUI.framework/Versions/A/CoreUI
0x00007fff3ca21000 	/System/Library/Frameworks/CoreAudio.framework/Versions/A/CoreAudio
0x00007fff3f066000 	/System/Library/Frameworks/DiskArbitration.framework/Versions/A/DiskArbitration
0x00007fff66f46000 	/usr/lib/liblangid.dylib
0x00007fff5bba6000 	/System/Library/PrivateFrameworks/MultitouchSupport.framework/Versions/A/MultitouchSupport
0x00007fff3f8ea000 	/System/Library/Frameworks/IOKit.framework/Versions/A/IOKit
0x00007fff65b63000 	/usr/lib/libDiagnosticMessagesClient.dylib
0x00007fff3e204000 	/System/Library/Frameworks/CoreServices.framework/Versions/A/CoreServices
0x00007fff5d861000 	/System/Library/PrivateFrameworks/PerformanceAnalysis.framework/Versions/A/PerformanceAnalysis
0x00007fff46c56000 	/System/Library/Frameworks/OpenGL.framework/Versions/A/OpenGL
0x00007fff3c746000 	/System/Library/Frameworks/ColorSync.framework/Versions/A/ColorSync
0x00007fff3da86000 	/System/Library/Frameworks/CoreImage.framework/Versions/A/CoreImage
0x00007fff3ebdc000 	/System/Library/Frameworks/CoreText.framework/Versions/A/CoreText
0x00007fff3f9de000 	/System/Library/Frameworks/ImageIO.framework/Versions/A/ImageIO
0x00007fff4dd24000 	/System/Library/PrivateFrameworks/Backup.framework/Versions/A/Backup
0x00007fff6604a000 	/usr/lib/libarchive.2.dylib
0x00007fff3be7f000 	/System/Library/Frameworks/CFNetwork.framework/Versions/A/CFNetwork
0x00007fff48c5a000 	/System/Library/Frameworks/SystemConfiguration.framework/Versions/A/SystemConfiguration
0x00007fff65a94000 	/usr/lib/libCRFSuite.dylib
0x00007fff661e8000 	/usr/lib/libc++.1.dylib
0x00007fff6623c000 	/usr/lib/libc++abi.dylib
0x00007fff68e42000 	/usr/lib/system/libcache.dylib
0x00007fff68e47000 	/usr/lib/system/libcommonCrypto.dylib
0x00007fff68e52000 	/usr/lib/system/libcompiler_rt.dylib
0x00007fff68e5a000 	/usr/lib/system/libcopyfile.dylib
0x00007fff68e64000 	/usr/lib/system/libcorecrypto.dylib
0x00007fff68f6f000 	/usr/lib/system/libdispatch.dylib
0x00007fff68fa9000 	/usr/lib/system/libdyld.dylib
0x00007fff68fd6000 	/usr/lib/system/libkeymgr.dylib
0x00007fff68fe4000 	/usr/lib/system/liblaunch.dylib
0x00007fff68fe5000 	/usr/lib/system/libmacho.dylib
0x00007fff68feb000 	/usr/lib/system/libquarantine.dylib
0x00007fff68fee000 	/usr/lib/system/libremovefile.dylib
0x00007fff68ff0000 	/usr/lib/system/libsystem_asl.dylib
0x00007fff69008000 	/usr/lib/system/libsystem_blocks.dylib
0x00007fff69009000 	/usr/lib/system/libsystem_c.dylib
0x00007fff69091000 	/usr/lib/system/libsystem_configuration.dylib
0x00007fff69095000 	/usr/lib/system/libsystem_coreservices.dylib
0x00007fff69099000 	/usr/lib/system/libsystem_darwin.dylib
0x00007fff690a0000 	/usr/lib/system/libsystem_dnssd.dylib
0x00007fff690a7000 	/usr/lib/system/libsystem_info.dylib
0x00007fff6911c000 	/usr/lib/system/libsystem_m.dylib
0x00007fff69168000 	/usr/lib/system/libsystem_malloc.dylib
0x00007fff69193000 	/usr/lib/system/libsystem_networkextension.dylib
0x00007fff6919e000 	/usr/lib/system/libsystem_notify.dylib
0x00007fff691bb000 	/usr/lib/system/libsystem_sandbox.dylib
0x00007fff691bf000 	/usr/lib/system/libsystem_secinit.dylib
0x00007fff690f3000 	/usr/lib/system/libsystem_kernel.dylib
0x00007fff691a6000 	/usr/lib/system/libsystem_platform.dylib
0x00007fff691b0000 	/usr/lib/system/libsystem_pthread.dylib
0x00007fff691c2000 	/usr/lib/system/libsystem_symptoms.dylib
0x00007fff691ca000 	/usr/lib/system/libsystem_trace.dylib
0x00007fff691e1000 	/usr/lib/system/libunwind.dylib
0x00007fff691e7000 	/usr/lib/system/libxpc.dylib
0x00007fff661c9000 	/usr/lib/libbsm.0.dylib
0x00007fff68fd7000 	/usr/lib/system/libkxld.dylib
0x00007fff4d115000 	/System/Library/PrivateFrameworks/AppleFSCompression.framework/Versions/A/AppleFSCompression
0x00007fff65e63000 	/usr/lib/libOpenScriptingUtil.dylib
0x00007fff664f1000 	/usr/lib/libcoretls.dylib
0x00007fff66508000 	/usr/lib/libcoretls_cfhelpers.dylib
0x00007fff67f73000 	/usr/lib/libpam.2.dylib
0x00007fff68133000 	/usr/lib/libsqlite3.dylib
0x00007fff6852d000 	/usr/lib/libxar.1.dylib
0x00007fff661da000 	/usr/lib/libbz2.1.0.dylib
0x00007fff66f48000 	/usr/lib/liblzma.5.dylib
0x00007fff673f9000 	/usr/lib/libnetwork.dylib
0x00007fff66033000 	/usr/lib/libapple_nghttp2.dylib
0x00007fff67f7a000 	/usr/lib/libpcap.A.dylib
0x00007fff3e5a3000 	/System/Library/Frameworks/CoreServices.framework/Versions/A/Frameworks/FSEvents.framework/Versions/A/FSEvents
0x00007fff3e282000 	/System/Library/Frameworks/CoreServices.framework/Versions/A/Frameworks/CarbonCore.framework/Versions/A/CarbonCore
0x00007fff3e75e000 	/System/Library/Frameworks/CoreServices.framework/Versions/A/Frameworks/Metadata.framework/Versions/A/Metadata
0x00007fff3e7fd000 	/System/Library/Frameworks/CoreServices.framework/Versions/A/Frameworks/OSServices.framework/Versions/A/OSServices
0x00007fff3e848000 	/System/Library/Frameworks/CoreServices.framework/Versions/A/Frameworks/SearchKit.framework/Versions/A/SearchKit
0x00007fff3e205000 	/System/Library/Frameworks/CoreServices.framework/Versions/A/Frameworks/AE.framework/Versions/A/AE
0x00007fff3e5ac000 	/System/Library/Frameworks/CoreServices.framework/Versions/A/Frameworks/LaunchServices.framework/Versions/A/LaunchServices
0x00007fff3e55a000 	/System/Library/Frameworks/CoreServices.framework/Versions/A/Frameworks/DictionaryServices.framework/Versions/A/DictionaryServices
0x00007fff3e8b0000 	/System/Library/Frameworks/CoreServices.framework/Versions/A/Frameworks/SharedFileList.framework/Versions/A/SharedFileList
0x00007fff42c31000 	/System/Library/Frameworks/NetFS.framework/Versions/A/NetFS
0x00007fff5be0c000 	/System/Library/PrivateFrameworks/NetAuth.framework/Versions/A/NetAuth
0x00007fff657c8000 	/System/Library/PrivateFrameworks/login.framework/Versions/A/Frameworks/loginsupport.framework/Versions/A/loginsupport
0x00007fff638e8000 	/System/Library/PrivateFrameworks/TCC.framework/Versions/A/TCC
0x00007fff50d31000 	/System/Library/PrivateFrameworks/CoreNLP.framework/Versions/A/CoreNLP
0x00007fff5b850000 	/System/Library/PrivateFrameworks/MetadataUtilities.framework/Versions/A/MetadataUtilities
0x00007fff6701d000 	/usr/lib/libmecabra.dylib
0x00007fff3b3cb000 	/System/Library/Frameworks/ApplicationServices.framework/Versions/A/Frameworks/ATS.framework/Versions/A/ATS
0x00007fff3b71a000 	/System/Library/Frameworks/ApplicationServices.framework/Versions/A/Frameworks/ColorSyncLegacy.framework/Versions/A/ColorSyncLegacy
0x00007fff3b7b9000 	/System/Library/Frameworks/ApplicationServices.framework/Versions/A/Frameworks/HIServices.framework/Versions/A/HIServices
0x00007fff3b80c000 	/System/Library/Frameworks/ApplicationServices.framework/Versions/A/Frameworks/LangAnalysis.framework/Versions/A/LangAnalysis
0x00007fff3b81c000 	/System/Library/Frameworks/ApplicationServices.framework/Versions/A/Frameworks/PrintCore.framework/Versions/A/PrintCore
0x00007fff3b866000 	/System/Library/Frameworks/ApplicationServices.framework/Versions/A/Frameworks/QD.framework/Versions/A/QD
0x00007fff3b8a0000 	/System/Library/Frameworks/ApplicationServices.framework/Versions/A/Frameworks/SpeechSynthesis.framework/Versions/A/SpeechSynthesis
0x00007fff66264000 	/usr/lib/libcompression.dylib
0x00007fff41e37000 	/System/Library/Frameworks/MetalPerformanceShaders.framework/Versions/A/MetalPerformanceShaders
0x00007fff393a7000 	/System/Library/Frameworks/Accelerate.framework/Versions/A/Frameworks/vImage.framework/Versions/A/vImage
0x00007fff3a421000 	/System/Library/Frameworks/Accelerate.framework/Versions/A/Frameworks/vecLib.framework/Versions/A/vecLib
0x00007fff3a36d000 	/System/Library/Frameworks/Accelerate.framework/Versions/A/Frameworks/vecLib.framework/Versions/A/libvMisc.dylib
0x00007fff3a185000 	/System/Library/Frameworks/Accelerate.framework/Versions/A/Frameworks/vecLib.framework/Versions/A/libvDSP.dylib
0x00007fff39a41000 	/System/Library/Frameworks/Accelerate.framework/Versions/A/Frameworks/vecLib.framework/Versions/A/libBLAS.dylib
0x00007fff39d2e000 	/System/Library/Frameworks/Accelerate.framework/Versions/A/Frameworks/vecLib.framework/Versions/A/libLAPACK.dylib
0x00007fff3a0d8000 	/System/Library/Frameworks/Accelerate.framework/Versions/A/Frameworks/vecLib.framework/Versions/A/libLinearAlgebra.dylib
0x00007fff3a171000 	/System/Library/Frameworks/Accelerate.framework/Versions/A/Frameworks/vecLib.framework/Versions/A/libSparseBLAS.dylib
0x00007fff3a0ee000 	/System/Library/Frameworks/Accelerate.framework/Versions/A/Frameworks/vecLib.framework/Versions/A/libQuadrature.dylib
0x00007fff39cbb000 	/System/Library/Frameworks/Accelerate.framework/Versions/A/Frameworks/vecLib.framework/Versions/A/libBNNS.dylib
0x00007fff3a0f4000 	/System/Library/Frameworks/Accelerate.framework/Versions/A/Frameworks/vecLib.framework/Versions/A/libSparse.dylib
0x00007fff5807f000 	/System/Library/PrivateFrameworks/GPUWrangler.framework/Versions/A/GPUWrangler
0x00007fff5a37e000 	/System/Library/PrivateFrameworks/IOAccelerator.framework/Versions/A/IOAccelerator
0x00007fff5a389000 	/System/Library/PrivateFrameworks/IOPresentment.framework/Versions/A/IOPresentment
0x00007fff51b09000 	/System/Library/PrivateFrameworks/DSExternalDisplay.framework/Versions/A/DSExternalDisplay
0x00007fff460ad000 	/System/Library/Frameworks/OpenGL.framework/Versions/A/Libraries/libCoreFSCache.dylib
0x00007fff41c2b000 	/System/Library/Frameworks/MetalPerformanceShaders.framework/Frameworks/MPSCore.framework/Versions/A/MPSCore
0x00007fff41c4b000 	/System/Library/Frameworks/MetalPerformanceShaders.framework/Frameworks/MPSImage.framework/Versions/A/MPSImage
0x00007fff41cf0000 	/System/Library/Frameworks/MetalPerformanceShaders.framework/Frameworks/MPSNeuralNetwork.framework/Versions/A/MPSNeuralNetwork
0x00007fff41cc8000 	/System/Library/Frameworks/MetalPerformanceShaders.framework/Frameworks/MPSMatrix.framework/Versions/A/MPSMatrix
0x00007fff41e1c000 	/System/Library/Frameworks/MetalPerformanceShaders.framework/Frameworks/MPSRayIntersector.framework/Versions/A/MPSRayIntersector
0x00007fff5b879000 	/System/Library/PrivateFrameworks/MetalTools.framework/Versions/A/MetalTools
0x00007fff4c9bd000 	/System/Library/PrivateFrameworks/AggregateDictionary.framework/Versions/A/AggregateDictionary
0x00007fff65e43000 	/usr/lib/libMobileGestalt.dylib
0x00007fff3ed3f000 	/System/Library/Frameworks/CoreVideo.framework/Versions/A/CoreVideo
0x00007fff58e90000 	/System/Library/PrivateFrameworks/GraphVisualizer.framework/Versions/A/GraphVisualizer
0x00007fff52d0f000 	/System/Library/PrivateFrameworks/FaceCore.framework/Versions/A/FaceCore
0x00007fff456db000 	/System/Library/Frameworks/OpenCL.framework/Versions/A/OpenCL
0x00007fff65b9b000 	/usr/lib/libFosl_dynamic.dylib
0x00007fff5c677000 	/System/Library/PrivateFrameworks/OTSVG.framework/Versions/A/OTSVG
0x00007fff3b4cf000 	/System/Library/Frameworks/ApplicationServices.framework/Versions/A/Frameworks/ATS.framework/Versions/A/Resources/libFontParser.dylib
0x00007fff3b5e7000 	/System/Library/Frameworks/ApplicationServices.framework/Versions/A/Frameworks/ATS.framework/Versions/A/Resources/libFontRegistry.dylib
0x00007fff3fc4d000 	/System/Library/Frameworks/ImageIO.framework/Versions/A/Resources/libJPEG.dylib
0x00007fff3ff72000 	/System/Library/Frameworks/ImageIO.framework/Versions/A/Resources/libTIFF.dylib
0x00007fff3ff48000 	/System/Library/Frameworks/ImageIO.framework/Versions/A/Resources/libPng.dylib
0x00007fff3fb6b000 	/System/Library/Frameworks/ImageIO.framework/Versions/A/Resources/libGIF.dylib
0x00007fff3fb70000 	/System/Library/Frameworks/ImageIO.framework/Versions/A/Resources/libJP2.dylib
0x00007fff3ff6f000 	/System/Library/Frameworks/ImageIO.framework/Versions/A/Resources/libRadiance.dylib
0x00007fff4d26c000 	/System/Library/PrivateFrameworks/AppleJPEG.framework/Versions/A/AppleJPEG
0x00007fff460b8000 	/System/Library/Frameworks/OpenGL.framework/Versions/A/Libraries/libGFXShared.dylib
0x00007fff4627b000 	/System/Library/Frameworks/OpenGL.framework/Versions/A/Libraries/libGLU.dylib
0x00007fff460c1000 	/System/Library/Frameworks/OpenGL.framework/Versions/A/Libraries/libGL.dylib
0x00007fff460cd000 	/System/Library/Frameworks/OpenGL.framework/Versions/A/Libraries/libGLImage.dylib
0x00007fff460aa000 	/System/Library/Frameworks/OpenGL.framework/Versions/A/Libraries/libCVMSPluginSupport.dylib
0x00007fff460b3000 	/System/Library/Frameworks/OpenGL.framework/Versions/A/Libraries/libCoreVMClient.dylib
0x00007fff669b5000 	/usr/lib/libcups.2.dylib
0x00007fff41132000 	/System/Library/Frameworks/Kerberos.framework/Versions/A/Kerberos
0x00007fff3f64e000 	/System/Library/Frameworks/GSS.framework/Versions/A/GSS
0x00007fff680c8000 	/usr/lib/libresolv.9.dylib
0x00007fff66ba7000 	/usr/lib/libiconv.2.dylib
0x00007fff59005000 	/System/Library/PrivateFrameworks/Heimdal.framework/Versions/A/Heimdal
0x00007fff66b77000 	/usr/lib/libheimdal-asn1.dylib
0x00007fff4574f000 	/System/Library/Frameworks/OpenDirectory.framework/Versions/A/OpenDirectory
0x00007fff4fa94000 	/System/Library/PrivateFrameworks/CommonAuth.framework/Versions/A/CommonAuth
0x00007fff45733000 	/System/Library/Frameworks/OpenDirectory.framework/Versions/A/Frameworks/CFOpenDirectory.framework/Versions/A/CFOpenDirectory
0x00007fff487ff000 	/System/Library/Frameworks/SecurityFoundation.framework/Versions/A/SecurityFoundation
0x00007fff4bf03000 	/System/Library/PrivateFrameworks/APFS.framework/Versions/A/APFS
0x00007fff68529000 	/usr/lib/libutil.dylib
0x00007fff66252000 	/usr/lib/libcharset.1.dylib
0x00007fff4d509000 	/System/Library/PrivateFrameworks/AppleSauce.framework/Versions/A/AppleSauce
0x00007fff4d68a000 	/System/Library/PrivateFrameworks/AssertionServices.framework/Versions/A/AssertionServices
0x00007fff4ddba000 	/System/Library/PrivateFrameworks/BaseBoard.framework/Versions/A/BaseBoard
0x00007fff66f78000 	/usr/lib/libmecab.1.0.0.dylib
0x00007fff66b71000 	/usr/lib/libgermantok.dylib
0x00007fff66020000 	/usr/lib/libThaiTokenizer.dylib
0x00007fff65acb000 	/usr/lib/libChineseTokenizer.dylib
0x00007fff5aa36000 	/System/Library/PrivateFrameworks/LanguageModeling.framework/Versions/A/LanguageModeling
0x00007fff50776000 	/System/Library/PrivateFrameworks/CoreEmoji.framework/Versions/A/CoreEmoji
0x00007fff5ab12000 	/System/Library/PrivateFrameworks/Lexicon.framework/Versions/A/Lexicon
0x00007fff5ab55000 	/System/Library/PrivateFrameworks/LinguisticData.framework/Versions/A/LinguisticData
0x00007fff66253000 	/usr/lib/libcmph.dylib
0x00007fff488bd000 	/System/Library/Frameworks/ServiceManagement.framework/Versions/A/ServiceManagement
0x00007fff4dd1b000 	/System/Library/PrivateFrameworks/BackgroundTaskManagement.framework/Versions/A/BackgroundTaskManagement
0x00007fff68623000 	/usr/lib/libxslt.1.dylib
0x00007fff3c53d000 	/System/Library/Frameworks/Carbon.framework/Versions/A/Frameworks/Ink.framework/Versions/A/Ink
0x00007fff63b5a000 	/System/Library/PrivateFrameworks/TextureIO.framework/Versions/A/TextureIO
0x00007fff66074000 	/usr/lib/libate.dylib
0x00007fff51a58000 	/System/Library/PrivateFrameworks/CrashReporterSupport.framework/Versions/A/CrashReporterSupport
0x00007fff61292000 	/System/Library/PrivateFrameworks/Sharing.framework/Versions/A/Sharing
0x00007fff4da6d000 	/System/Library/PrivateFrameworks/AuthKit.framework/Versions/A/AuthKit
0x00007fff4cfc1000 	/System/Library/PrivateFrameworks/Apple80211.framework/Versions/A/Apple80211
0x00007fff51800000 	/System/Library/PrivateFrameworks/CoreUtils.framework/Versions/A/CoreUtils
0x00007fff3ed80000 	/System/Library/Frameworks/CoreWLAN.framework/Versions/A/CoreWLAN
0x00007fff3f77d000 	/System/Library/Frameworks/IOBluetooth.framework/Versions/A/IOBluetooth
0x00007fff5f702000 	/System/Library/PrivateFrameworks/ProtocolBuffer.framework/Versions/A/ProtocolBuffer
0x00007fff5bb02000 	/System/Library/PrivateFrameworks/MobileKeyBag.framework/Versions/A/MobileKeyBag
0x00007fff51044000 	/System/Library/PrivateFrameworks/CorePhoneNumbers.framework/Versions/A/CorePhoneNumbers
0x00007fff4d220000 	/System/Library/PrivateFrameworks/AppleIDAuthSupport.framework/Versions/A/AppleIDAuthSupport
0x00007fff5aa09000 	/System/Library/PrivateFrameworks/KeychainCircle.framework/Versions/A/KeychainCircle
0x00007fff5f8b8000 	/System/Library/PrivateFrameworks/ROCKit.framework/Versions/A/ROCKit
0x00007fff519f4000 	/System/Library/PrivateFrameworks/CoreWiFi.framework/Versions/A/CoreWiFi
0x00007fff3cb0b000 	/System/Library/Frameworks/CoreBluetooth.framework/Versions/A/CoreBluetooth
0x00007fff51c4f000 	/System/Library/PrivateFrameworks/DebugSymbols.framework/Versions/A/DebugSymbols
0x00007fff515c0000 	/System/Library/PrivateFrameworks/CoreSymbolication.framework/Versions/A/CoreSymbolication
0x00007fff63375000 	/System/Library/PrivateFrameworks/Symbolication.framework/Versions/A/Symbolication
0x00007fff62c18000 	/System/Library/PrivateFrameworks/SpeechRecognitionCore.framework/Versions/A/SpeechRecognitionCore
0x00007fff3168c000 	/System/Library/CoreServices/Encodings/libJapaneseConverter.dylib
0x0000000102e00000 	/Users/media/Library/Media/VideoManager/jre_mac64/lib/server/libjvm.dylib
0x0000000102422000 	/Users/media/Library/Media/VideoManager/jre_mac64/lib/libverify.dylib
0x0000000102433000 	/Users/media/Library/Media/VideoManager/jre_mac64/lib/libjava.dylib
0x00000001024b0000 	/Users/media/Library/Media/VideoManager/jre_mac64/lib/libzip.dylib
0x0000000107ff5000 	/Users/media/Library/Media/VideoManager/jre_mac64/lib/libprism_es2.dylib
0x00007fff511c8000 	/System/Library/PrivateFrameworks/CoreServicesInternal.framework/Versions/A/CoreServicesInternal
0x00007fff46c66000 	/System/Library/Frameworks/OpenGL.framework/Versions/A/Resources/GLEngine.bundle/GLEngine
0x00007fff46108000 	/System/Library/Frameworks/OpenGL.framework/Versions/A/Libraries/libGLProgrammability.dylib
0x00007fff3577b000 	/System/Library/Extensions/AppleIntelKBLGraphicsGLDriver.bundle/Contents/MacOS/AppleIntelKBLGraphicsGLDriver
0x00007fff58073000 	/System/Library/PrivateFrameworks/GPUSupport.framework/Versions/A/Libraries/libGPUSupportMercury.dylib
0x00007fff46dfe000 	/System/Library/Frameworks/OpenGL.framework/Versions/A/Resources/GLRendererFloat.bundle/GLRendererFloat
0x00007fff456d2000 	/System/Library/Frameworks/OpenCL.framework/Versions/A/Libraries/libcldcpuengine.dylib
0x00007fff666a7000 	/usr/lib/libcrypto.35.dylib
0x00007fff63cd8000 	/System/Library/PrivateFrameworks/TrustEvaluationAgent.framework/Versions/A/TrustEvaluationAgent
0x000000010879f000 	/Users/media/Library/Media/VideoManager/jre_mac64/lib/libglass.dylib
0x00007fff3170d000 	/System/Library/CoreServices/RawCamera.bundle/Contents/MacOS/RawCamera
0x00007fff5b91d000 	/System/Library/PrivateFrameworks/MobileAsset.framework/Versions/A/MobileAsset
0x00007fff632c3000 	/System/Library/PrivateFrameworks/StreamingZip.framework/Versions/A/StreamingZip
0x00007fff414bf000 	/System/Library/Frameworks/MediaToolbox.framework/Versions/A/MediaToolbox
0x00007fff5031a000 	/System/Library/PrivateFrameworks/CoreAVCHD.framework/Versions/A/CoreAVCHD
0x00007fff41405000 	/System/Library/Frameworks/MediaAccessibility.framework/Versions/A/MediaAccessibility
0x00007fff5b379000 	/System/Library/PrivateFrameworks/Mangrove.framework/Versions/A/Mangrove
0x00007fff3e0a3000 	/System/Library/Frameworks/CoreMedia.framework/Versions/A/CoreMedia
0x00007fff48f26000 	/System/Library/Frameworks/VideoToolbox.framework/Versions/A/VideoToolbox
0x00007fff4ff36000 	/System/Library/PrivateFrameworks/CoreAUC.framework/Versions/A/CoreAUC
0x00007fff68131000 	/usr/lib/libspindump.dylib
0x00007fff4d5ef000 	/System/Library/PrivateFrameworks/AppleVA.framework/Versions/A/AppleVA
0x00007fff39390000 	/System/Library/Frameworks/Accelerate.framework/Versions/A/Frameworks/vImage.framework/Versions/A/Libraries/libCGInterfaces.dylib
0x00007fff64b13000 	/System/Library/PrivateFrameworks/ViewBridge.framework/Versions/A/ViewBridge
0x0000000108225000 	/Users/media/Library/Media/VideoManager/jre_mac64/lib/libnio.dylib
0x0000000108237000 	/Users/media/Library/Media/VideoManager/jre_mac64/lib/./libnet.dylib
0x00007fff3b683000 	/System/Library/Frameworks/ApplicationServices.framework/Versions/A/Frameworks/ATS.framework/Versions/A/Resources/libTrueTypeScaler.dylib
0x00007fff36550000 	/System/Library/Extensions/AppleIntelKBLGraphicsMTLDriver.bundle/Contents/MacOS/AppleIntelKBLGraphicsMTLDriver
0x00007fff569de000 	/System/Library/PrivateFrameworks/GPUCompiler.framework/Versions/3902/Libraries/libmetal_timestamp.dylib
0x000000010c331000 	/Users/media/Library/Media/VideoManager/jre_mac64/lib/libjavafx_font.dylib
0x000000010c4bd000 	/usr/lib/libobjc-trampolines.dylib
0x000000010da35000 	/Users/media/Library/Media/VideoManager/jre_mac64/lib/libjavafx_iio.dylib
0x000000010d425000 	/Users/media/Library/Media/VideoManager/jre_mac64/lib/libsunec.dylib
0x000000010fba4000 	/Users/media/Library/Media/VideoManager/jre_mac64/lib/libprism_common.dylib
0x00007fff3c5d3000 	/System/Library/Frameworks/Carbon.framework/Versions/A/Frameworks/OpenScripting.framework/Versions/A/OpenScripting
0x0000000111416000 	/Users/media/Library/Media/VideoManager/jre_mac64/lib/libglib-lite.dylib
0x00000001252a0000 	/Users/media/Library/Media/VideoManager/jre_mac64/lib/libgstreamer-lite.dylib
0x000000010d4e7000 	/Users/media/Library/Media/VideoManager/jre_mac64/lib/libjfxmedia.dylib
0x000000010f7a4000 	/Users/media/Library/Media/VideoManager/jre_mac64/lib/libjfxmedia_avf.dylib
0x00007fff38fe5000 	/System/Library/Frameworks/AVFoundation.framework/Versions/A/AVFoundation
0x00007fff391c2000 	/System/Library/Frameworks/AVFoundation.framework/Versions/A/Frameworks/AVFAudio.framework/Versions/A/AVFAudio
0x00007fff5a8a0000 	/System/Library/PrivateFrameworks/InternationalSupport.framework/Versions/A/InternationalSupport
0x00007fff3e1a8000 	/System/Library/Frameworks/CoreMediaIO.framework/Versions/A/CoreMediaIO
0x00007fff5fa48000 	/System/Library/PrivateFrameworks/RemoteServiceDiscovery.framework/Versions/A/RemoteServiceDiscovery
0x00007fff5fa89000 	/System/Library/PrivateFrameworks/RemoteXPC.framework/Versions/A/RemoteXPC
0x000000010f958000 	/Users/media/Library/Media/VideoManager/jre_mac64/lib/libfxplugins.dylib
0x00007fff48eaa000 	/System/Library/Frameworks/VideoDecodeAcceleration.framework/Versions/A/VideoDecodeAcceleration
0x000000012add1000 	/System/Library/Components/CoreAudio.component/Contents/MacOS/CoreAudio
0x00007fff4d125000 	/System/Library/PrivateFrameworks/AppleGVA.framework/Versions/A/AppleGVA
0x000000012b002000 	/System/Library/Components/AudioCodecs.component/Contents/MacOS/AudioCodecs
0x000000012ef26000 	/System/Library/Extensions/AppleIntelKBLGraphicsVADriver.bundle/Contents/MacOS/AppleIntelKBLGraphicsVADriver
0x000000010d4ab000 	/System/Library/Extensions/AppleIntelKBLGraphicsVAME.bundle/Contents/MacOS/AppleIntelKBLGraphicsVAME
0x00000001210f2000 	/Users/media/Library/Media/VideoManager/jre_mac64/lib/libawt.dylib
0x00000001283ca000 	/Users/media/Library/Media/VideoManager/jre_mac64/lib/./libmlib_image.dylib
0x00007fff4111b000 	/System/Library/Frameworks/JavaVM.framework/Versions/A/Frameworks/JavaNativeFoundation.framework/Versions/A/JavaNativeFoundation
0x00007fff41124000 	/System/Library/Frameworks/JavaVM.framework/Versions/A/Frameworks/JavaRuntimeSupport.framework/Versions/A/JavaRuntimeSupport
0x00007fff4112d000 	/System/Library/Frameworks/JavaVM.framework/Versions/A/JavaVM
0x00007fff5a928000 	/System/Library/PrivateFrameworks/JavaLaunching.framework/Versions/A/JavaLaunching
0x00007fff3c236000 	/System/Library/Frameworks/Carbon.framework/Versions/A/Carbon
0x00007fff3c237000 	/System/Library/Frameworks/Carbon.framework/Versions/A/Frameworks/CommonPanels.framework/Versions/A/CommonPanels
0x00007fff3c533000 	/System/Library/Frameworks/Carbon.framework/Versions/A/Frameworks/Help.framework/Versions/A/Help
0x00007fff3c537000 	/System/Library/Frameworks/Carbon.framework/Versions/A/Frameworks/ImageCapture.framework/Versions/A/ImageCapture
0x00007fff3c60b000 	/System/Library/Frameworks/Carbon.framework/Versions/A/Frameworks/Print.framework/Versions/A/Print
0x00007fff3c60d000 	/System/Library/Frameworks/Carbon.framework/Versions/A/Frameworks/SecurityHI.framework/Versions/A/SecurityHI
0x0000000128489000 	/Users/media/Library/Media/VideoManager/jre_mac64/lib/libawt_lwawt.dylib
0x0000000121378000 	/Users/media/Library/Media/VideoManager/jre_mac64/lib/./libosxapp.dylib
0x00007fff3f20b000 	/System/Library/Frameworks/ExceptionHandling.framework/Versions/A/ExceptionHandling
0x00007fff5f2a1000 	/System/Library/PrivateFrameworks/PowerLog.framework/Versions/A/PowerLog
0x00007fff50368000 	/System/Library/PrivateFrameworks/CoreAnalytics.framework/Versions/A/CoreAnalytics

VM Arguments:
jvm_args: -Xmx1024M 
java_command: ./lib/videomanager.jar
java_class_path (initial): ./lib/videomanager.jar
Launcher Type: SUN_STANDARD

Environment Variables:
JAVA_HOME=./jre_mac64
PATH=./jre_mac64/bin:/usr/bin:/bin:/usr/sbin:/sbin
SHELL=/bin/bash

Signal Handlers:
SIGSEGV: [libjvm.dylib+0x5a0dcb], sa_mask[0]=11111111011111110111111111111111, sa_flags=SA_ONSTACK|SA_RESTART|SA_SIGINFO
SIGBUS: [libjvm.dylib+0x5a0dcb], sa_mask[0]=11111111011111110111111111111111, sa_flags=SA_RESTART|SA_SIGINFO
SIGFPE: [libjvm.dylib+0x491731], sa_mask[0]=11111111011111110111111111111111, sa_flags=SA_RESTART|SA_SIGINFO
SIGPIPE: [libjvm.dylib+0x491731], sa_mask[0]=11111111011111110111111111111111, sa_flags=SA_RESTART|SA_SIGINFO
SIGXFSZ: [libjvm.dylib+0x491731], sa_mask[0]=11111111011111110111111111111111, sa_flags=SA_RESTART|SA_SIGINFO
SIGILL: [libjvm.dylib+0x491731], sa_mask[0]=11111111011111110111111111111111, sa_flags=SA_RESTART|SA_SIGINFO
SIGUSR1: SIG_DFL, sa_mask[0]=00000000000000000000000000000000, sa_flags=none
SIGUSR2: [libjvm.dylib+0x49202a], sa_mask[0]=00000000000000000000000000000000, sa_flags=SA_RESTART|SA_SIGINFO
SIGHUP: [libjvm.dylib+0x490239], sa_mask[0]=11111111011111110111111111111111, sa_flags=SA_RESTART|SA_SIGINFO
SIGINT: [libjvm.dylib+0x490239], sa_mask[0]=11111111011111110111111111111111, sa_flags=SA_RESTART|SA_SIGINFO
SIGTERM: [libjvm.dylib+0x490239], sa_mask[0]=11111111011111110111111111111111, sa_flags=SA_RESTART|SA_SIGINFO
SIGQUIT: [libjvm.dylib+0x490239], sa_mask[0]=11111111011111110111111111111111, sa_flags=SA_RESTART|SA_SIGINFO


---------------  S Y S T E M  ---------------

OS:Bsduname:Darwin 18.7.0 Darwin Kernel Version 18.7.0: Mon Aug 31 20:53:32 PDT 2020; root:xnu-4903.278.44~1/RELEASE_X86_64 x86_64
rlimit: STACK 8192k, CORE 0k, NPROC 709, NOFILE 10240, AS infinity
load average:2.15 1.65 1.49

CPU:total 4 (initial active 4) (2 cores per cpu, 2 threads per core) family 6 model 142 stepping 9, cmov, cx8, fxsr, mmx, sse, sse2, sse3, ssse3, sse4.1, sse4.2, popcnt, avx, avx2, aes, clmul, erms, 3dnowpref, lzcnt, ht, tsc, tscinvbit, bmi1, bmi2, adx

Memory: 4k page, physical 8388608k(2309000k free)

/proc/meminfo:


vm_info: Java HotSpot(TM) 64-Bit Server VM (25.271-b09) for bsd-amd64 JRE (1.8.0_271-b09), built on Sep 16 2020 16:54:38 by "java_re" with gcc 4.2.1 Compatible Apple LLVM 10.0.0 (clang-1000.11.45.5)

time: Fri Dec 25 19:03:03 2020
timezone: JST
elapsed time: 42.097237 seconds (0d 0h 0m 42s)

